<?xml version="1.0" encoding="UTF-8"?>
<testng-results ignored="0" total="2" passed="2" failed="0" skipped="0">
  <reporter-output>
  </reporter-output>
  <suite started-at="2022-05-11T12:08:37 IST" name="Suite001fb" finished-at="2022-05-11T12:09:40 IST" duration-ms="62723">
    <groups>
    </groups>
    <test started-at="2022-05-11T12:08:37 IST" name="Test001fb" finished-at="2022-05-11T12:09:40 IST" duration-ms="62723">
      <class name="testClasses.FBloginAndLogOut">
        <test-method is-config="true" signature="launchbrowser(java.lang.String)[pri:0, instance:testClasses.FBloginAndLogOut@54a7079e]" started-at="2022-05-11T12:08:37 IST" name="launchbrowser" finished-at="2022-05-11T12:08:41 IST" duration-ms="3242" status="PASS">
          <params>
            <param index="0">
              <value>
                <![CDATA[chrome]]>
              </value>
            </param>
          </params>
          <reporter-output>
          </reporter-output>
        </test-method> <!-- launchbrowser -->
        <test-method is-config="true" signature="createobject()[pri:0, instance:testClasses.FBloginAndLogOut@54a7079e]" started-at="2022-05-11T12:08:41 IST" name="createobject" finished-at="2022-05-11T12:08:41 IST" duration-ms="633" status="PASS">
          <reporter-output>
          </reporter-output>
        </test-method> <!-- createobject -->
        <test-method is-config="true" signature="userlogin()[pri:0, instance:testClasses.FBloginAndLogOut@54a7079e]" started-at="2022-05-11T12:08:41 IST" name="userlogin" finished-at="2022-05-11T12:09:05 IST" duration-ms="23503" status="PASS">
          <reporter-output>
          </reporter-output>
        </test-method> <!-- userlogin -->
        <test-method signature="checkavailibilityoffindfriendoption()[pri:0, instance:testClasses.FBloginAndLogOut@54a7079e]" started-at="2022-05-11T12:09:05 IST" name="checkavailibilityoffindfriendoption" finished-at="2022-05-11T12:09:05 IST" duration-ms="529" status="PASS">
          <reporter-output>
          </reporter-output>
        </test-method> <!-- checkavailibilityoffindfriendoption -->
        <test-method is-config="true" signature="logout()[pri:0, instance:testClasses.FBloginAndLogOut@54a7079e]" started-at="2022-05-11T12:09:05 IST" name="logout" finished-at="2022-05-11T12:09:11 IST" duration-ms="5881" status="PASS">
          <reporter-output>
          </reporter-output>
        </test-method> <!-- logout -->
        <test-method is-config="true" signature="userlogin()[pri:0, instance:testClasses.FBloginAndLogOut@54a7079e]" started-at="2022-05-11T12:09:11 IST" name="userlogin" finished-at="2022-05-11T12:09:34 IST" duration-ms="22394" status="PASS">
          <reporter-output>
          </reporter-output>
        </test-method> <!-- userlogin -->
        <test-method signature="checkhomepageurl()[pri:0, instance:testClasses.FBloginAndLogOut@54a7079e]" started-at="2022-05-11T12:09:34 IST" name="checkhomepageurl" finished-at="2022-05-11T12:09:34 IST" duration-ms="181" status="PASS">
          <reporter-output>
          </reporter-output>
        </test-method> <!-- checkhomepageurl -->
        <test-method is-config="true" signature="logout()[pri:0, instance:testClasses.FBloginAndLogOut@54a7079e]" started-at="2022-05-11T12:09:34 IST" name="logout" finished-at="2022-05-11T12:09:39 IST" duration-ms="5222" status="PASS">
          <reporter-output>
          </reporter-output>
        </test-method> <!-- logout -->
        <test-method is-config="true" signature="clearobject()[pri:0, instance:testClasses.FBloginAndLogOut@54a7079e]" started-at="2022-05-11T12:09:39 IST" name="clearobject" finished-at="2022-05-11T12:09:40 IST" duration-ms="488" status="PASS">
          <reporter-output>
          </reporter-output>
        </test-method> <!-- clearobject -->
        <test-method is-config="true" signature="closebrowser()[pri:0, instance:testClasses.FBloginAndLogOut@54a7079e]" started-at="2022-05-11T12:09:40 IST" name="closebrowser" finished-at="2022-05-11T12:09:40 IST" duration-ms="570" status="PASS">
          <reporter-output>
          </reporter-output>
        </test-method> <!-- closebrowser -->
      </class> <!-- testClasses.FBloginAndLogOut -->
    </test> <!-- Test001fb -->
  </suite> <!-- Suite001fb -->
</testng-results>
